<?xml version="1.0" encoding="UTF-8"?>
<!-- Generated by org.testng.reporters.JUnitReportReporter -->
<testsuite hostname="Arno" failures="0" tests="1" name="com.bd.GoogleTesting" time="6.756" errors="0" timestamp="2023-02-18T03:38:04 BDT" skipped="0">
  <testcase classname="com.bd.GoogleTesting" name="googleTest" time="6.756"/>
  <system-out/>
</testsuite> <!-- com.bd.GoogleTesting -->
