<?xml version="1.0" encoding="UTF-8"?>
<!-- Generated by org.testng.reporters.JUnitReportReporter -->
<testsuite hostname="Arno" failures="0" tests="1" name="com.bd.HoverExample" time="26.277" errors="0" timestamp="2023-03-01T05:27:43 BDT" skipped="0">
  <testcase classname="com.bd.HoverExample" name="assertionTest" time="26.277"/>
  <system-out/>
</testsuite> <!-- com.bd.HoverExample -->
