<?xml version="1.0" encoding="UTF-8"?>
<!-- Generated by org.testng.reporters.JUnitReportReporter -->
<testsuite hostname="Arno" failures="0" tests="2" name="com.bd.TestNGExample" time="0.006" errors="0" timestamp="2023-02-25T18:19:11 BDT" skipped="0">
  <testcase classname="com.bd.TestNGExample" name="test2" time="0.005"/>
  <system-out/>
  <testcase classname="com.bd.TestNGExample" name="test1" time="0.001"/>
  <system-out/>
</testsuite> <!-- com.bd.TestNGExample -->
