<?xml version="1.0" encoding="UTF-8"?>
<!-- Generated by org.testng.reporters.JUnitReportReporter -->
<testsuite hostname="Arno" failures="0" tests="1" name="com.bd.LocatorIdentify" time="34.675" errors="0" timestamp="2023-03-01T03:52:46 BDT" skipped="0">
  <testcase classname="com.bd.LocatorIdentify" name="testLocator" time="34.675"/>
  <system-out/>
</testsuite> <!-- com.bd.LocatorIdentify -->
