<?xml version="1.0" encoding="UTF-8"?>
<!-- Generated by org.testng.reporters.JUnitReportReporter -->
<testsuite hostname="Arno" failures="0" tests="2" name="com.bd.TestNGExample" time="0.007" errors="0" timestamp="2023-02-25T05:33:03 BDT" skipped="0">
  <testcase classname="com.bd.TestNGExample" name="afterSuiteExample" time="0.006"/>
  <system-out/>
  <testcase classname="com.bd.TestNGExample" name="test" time="0.001"/>
  <system-out/>
</testsuite> <!-- com.bd.TestNGExample -->
