<?xml version="1.0" encoding="UTF-8"?>
<!-- Generated by org.testng.reporters.JUnitReportReporter -->
<testsuite hostname="Arno" failures="0" tests="1" name="com.bd.LocatorIdentify" time="13.768" errors="0" timestamp="2023-02-26T07:03:04 BDT" skipped="0">
  <testcase classname="com.bd.LocatorIdentify" name="testLocator" time="13.768"/>
  <system-out/>
</testsuite> <!-- com.bd.LocatorIdentify -->
