<?xml version="1.0" encoding="UTF-8"?>
<!-- Generated by org.testng.reporters.JUnitReportReporter -->
<testsuite hostname="Arno" failures="0" tests="1" name="com.bd.TestNGExample" time="0.004" errors="0" timestamp="2023-02-25T05:37:15 BDT" skipped="0">
  <testcase classname="com.bd.TestNGExample" name="test" time="0.004"/>
  <system-out/>
</testsuite> <!-- com.bd.TestNGExample -->
