<?xml version="1.0" encoding="UTF-8"?>
<!-- Generated by org.testng.reporters.JUnitReportReporter -->
<testsuite hostname="Arno" failures="0" tests="2" name="com.bd.TestNGExample" time="0.007" errors="0" timestamp="2023-03-07T05:04:49 BDT" skipped="0">
  <testcase classname="com.bd.TestNGExample" name="test2" time="0.005"/>
  <system-out/>
  <testcase classname="com.bd.TestNGExample" name="test1" time="0.002"/>
  <system-out/>
</testsuite> <!-- com.bd.TestNGExample -->
