<?xml version="1.0" encoding="UTF-8"?>
<!-- Generated by org.testng.reporters.JUnitReportReporter -->
<testsuite hostname="Arno" failures="0" tests="1" name="com.bd.AlertExample" time="28.848" errors="0" timestamp="2023-03-01T07:35:27 BDT" skipped="0">
  <testcase classname="com.bd.AlertExample" name="alertTest" time="28.848"/>
  <system-out/>
</testsuite> <!-- com.bd.AlertExample -->
