<?xml version="1.0" encoding="UTF-8"?>
<!-- Generated by org.testng.reporters.JUnitReportReporter -->
<testsuite hostname="Arno" failures="0" tests="1" name="com.bd.GoogleTesting" time="28.659" errors="0" timestamp="2023-02-19T22:05:56 BDT" skipped="0">
  <testcase classname="com.bd.GoogleTesting" name="googleTest" time="28.659"/>
  <system-out/>
</testsuite> <!-- com.bd.GoogleTesting -->
